<!DOCTYPE html>

<html>
  <head>
  <title>TestNG reports</title>

    <link type="text/css" href="testng-reports.css" rel="stylesheet" />  
    <script type="text/javascript" src="jquery-1.7.1.min.js"></script>
    <script type="text/javascript" src="testng-reports.js"></script>
    <script type="text/javascript" src="https://www.google.com/jsapi"></script>
    <script type='text/javascript'>
      google.load('visualization', '1', {packages:['table']});
      google.setOnLoadCallback(drawTable);
      var suiteTableInitFunctions = new Array();
      var suiteTableData = new Array();
    </script>
    <!--
      <script type="text/javascript" src="jquery-ui/js/jquery-ui-1.8.16.custom.min.js"></script>
     -->
  </head>

  <body>
    <div class="top-banner-root">
      <span class="top-banner-title-font">Test results</span>
      <br/>
      <span class="top-banner-font-1">1 suite, 4 failed tests</span>
    </div> <!-- top-banner-root -->
    <div class="navigator-root">
      <div class="navigator-suite-header">
        <span>All suites</span>
        <a href="#" title="Collapse/expand all the suites" class="collapse-all-link">
          <img src="collapseall.gif" class="collapse-all-icon">
          </img> <!-- collapse-all-icon -->
        </a> <!-- collapse-all-link -->
      </div> <!-- navigator-suite-header -->
      <div class="suite">
        <div class="rounded-window">
          <div class="suite-header light-rounded-window-top">
            <a href="#" panel-name="suite-com.mycompany_TestMavin_jar_1.0-SNAPSHOT" class="navigator-link">
              <span class="suite-name border-failed">com.mycompany_TestMavin_jar_1.0-SNAPSHOT</span>
            </a> <!-- navigator-link -->
          </div> <!-- suite-header light-rounded-window-top -->
          <div class="navigator-suite-content">
            <div class="suite-section-title">
              <span>Info</span>
            </div> <!-- suite-section-title -->
            <div class="suite-section-content">
              <ul>
                <li>
                  <a href="#" panel-name="test-xml-com.mycompany_TestMavin_jar_1.0-SNAPSHOT" class="navigator-link ">
                    <span>C:\Projects\Collage\Forth year\Software Testing\section\mavenproject1\src\test\java\com\mycompany\mavenproject1\NewTestNGSuite.xml</span>
                  </a> <!-- navigator-link  -->
                </li>
                <li>
                  <a href="#" panel-name="testlist-com.mycompany_TestMavin_jar_1.0-SNAPSHOT" class="navigator-link ">
                    <span class="test-stats">1 test</span>
                  </a> <!-- navigator-link  -->
                </li>
                <li>
                  <a href="#" panel-name="group-com.mycompany_TestMavin_jar_1.0-SNAPSHOT" class="navigator-link ">
                    <span>0 groups</span>
                  </a> <!-- navigator-link  -->
                </li>
                <li>
                  <a href="#" panel-name="times-com.mycompany_TestMavin_jar_1.0-SNAPSHOT" class="navigator-link ">
                    <span>Times</span>
                  </a> <!-- navigator-link  -->
                </li>
                <li>
                  <a href="#" panel-name="reporter-com.mycompany_TestMavin_jar_1.0-SNAPSHOT" class="navigator-link ">
                    <span>Reporter output</span>
                  </a> <!-- navigator-link  -->
                </li>
                <li>
                  <a href="#" panel-name="ignored-methods-com.mycompany_TestMavin_jar_1.0-SNAPSHOT" class="navigator-link ">
                    <span>Ignored methods</span>
                  </a> <!-- navigator-link  -->
                </li>
                <li>
                  <a href="#" panel-name="chronological-com.mycompany_TestMavin_jar_1.0-SNAPSHOT" class="navigator-link ">
                    <span>Chronological view</span>
                  </a> <!-- navigator-link  -->
                </li>
              </ul>
            </div> <!-- suite-section-content -->
            <div class="result-section">
              <div class="suite-section-title">
                <span>Results</span>
              </div> <!-- suite-section-title -->
              <div class="suite-section-content">
                <ul>
                  <li>
                    <span class="method-stats">5 methods, 4 failed,   1 passed</span>
                  </li>
                  <li>
                    <span class="method-list-title failed">Failed methods</span>
                    <span class="show-or-hide-methods failed">
                      <a href="#" panel-name="suite-com.mycompany_TestMavin_jar_1.0-SNAPSHOT" class="hide-methods failed suite-com.mycompany_TestMavin_jar_1.0-SNAPSHOT"> (hide)</a> <!-- hide-methods failed suite-com.mycompany_TestMavin_jar_1.0-SNAPSHOT -->
                      <a href="#" panel-name="suite-com.mycompany_TestMavin_jar_1.0-SNAPSHOT" class="show-methods failed suite-com.mycompany_TestMavin_jar_1.0-SNAPSHOT"> (show)</a> <!-- show-methods failed suite-com.mycompany_TestMavin_jar_1.0-SNAPSHOT -->
                    </span>
                    <div class="method-list-content failed suite-com.mycompany_TestMavin_jar_1.0-SNAPSHOT">
                      <span>
                        <img src="failed.png" width="3%"/>
                        <a href="#" panel-name="suite-com.mycompany_TestMavin_jar_1.0-SNAPSHOT" title="com.mycompany.mavenproject1.TestMavinIT_Organized" class="method navigator-link" hash-for-method="closeAndOpenLeftSideBar">closeAndOpenLeftSideBar</a> <!-- method navigator-link -->
                      </span>
                      <br/>
                      <span>
                        <img src="failed.png" width="3%"/>
                        <a href="#" panel-name="suite-com.mycompany_TestMavin_jar_1.0-SNAPSHOT" title="com.mycompany.mavenproject1.TestMavinIT_Organized" class="method navigator-link" hash-for-method="testAddUser(com.mycompany.mavenproject1.UserData@3704122f)">testAddUser(com.mycompany.mavenproject1.UserData@3704122f)</a> <!-- method navigator-link -->
                      </span>
                      <br/>
                      <span>
                        <img src="failed.png" width="3%"/>
                        <a href="#" panel-name="suite-com.mycompany_TestMavin_jar_1.0-SNAPSHOT" title="com.mycompany.mavenproject1.TestMavinIT_Organized" class="method navigator-link" hash-for-method="testLogin(com.mycompany.mavenproject1.UserData@52d10fb8)">testLogin(com.mycompany.mavenproject1.UserData@52d10fb8)</a> <!-- method navigator-link -->
                      </span>
                      <br/>
                      <span>
                        <img src="failed.png" width="3%"/>
                        <a href="#" panel-name="suite-com.mycompany_TestMavin_jar_1.0-SNAPSHOT" title="com.mycompany.mavenproject1.TestMavinIT_Organized" class="method navigator-link" hash-for-method="testTabAdmin">testTabAdmin</a> <!-- method navigator-link -->
                      </span>
                      <br/>
                    </div> <!-- method-list-content failed suite-com.mycompany_TestMavin_jar_1.0-SNAPSHOT -->
                  </li>
                  <li>
                    <span class="method-list-title passed">Passed methods</span>
                    <span class="show-or-hide-methods passed">
                      <a href="#" panel-name="suite-com.mycompany_TestMavin_jar_1.0-SNAPSHOT" class="hide-methods passed suite-com.mycompany_TestMavin_jar_1.0-SNAPSHOT"> (hide)</a> <!-- hide-methods passed suite-com.mycompany_TestMavin_jar_1.0-SNAPSHOT -->
                      <a href="#" panel-name="suite-com.mycompany_TestMavin_jar_1.0-SNAPSHOT" class="show-methods passed suite-com.mycompany_TestMavin_jar_1.0-SNAPSHOT"> (show)</a> <!-- show-methods passed suite-com.mycompany_TestMavin_jar_1.0-SNAPSHOT -->
                    </span>
                    <div class="method-list-content passed suite-com.mycompany_TestMavin_jar_1.0-SNAPSHOT">
                      <span>
                        <img src="passed.png" width="3%"/>
                        <a href="#" panel-name="suite-com.mycompany_TestMavin_jar_1.0-SNAPSHOT" title="com.mycompany.mavenproject1.TestMavinIT_Organized" class="method navigator-link" hash-for-method="testLogout">testLogout</a> <!-- method navigator-link -->
                      </span>
                      <br/>
                    </div> <!-- method-list-content passed suite-com.mycompany_TestMavin_jar_1.0-SNAPSHOT -->
                  </li>
                </ul>
              </div> <!-- suite-section-content -->
            </div> <!-- result-section -->
          </div> <!-- navigator-suite-content -->
        </div> <!-- rounded-window -->
      </div> <!-- suite -->
    </div> <!-- navigator-root -->
    <div class="wrapper">
      <div class="main-panel-root">
        <div panel-name="suite-com.mycompany_TestMavin_jar_1.0-SNAPSHOT" class="panel com.mycompany_TestMavin_jar_1.0-SNAPSHOT">
          <div class="suite-com.mycompany_TestMavin_jar_1.0-SNAPSHOT-class-failed">
            <div class="main-panel-header rounded-window-top">
              <img src="failed.png"/>
              <span class="class-name">com.mycompany.mavenproject1.TestMavinIT_Organized</span>
            </div> <!-- main-panel-header rounded-window-top -->
            <div class="main-panel-content rounded-window-bottom">
              <div class="method">
                <div class="method-content">
                  <a name="closeAndOpenLeftSideBar">
                  </a> <!-- closeAndOpenLeftSideBar -->
                  <span class="method-name">closeAndOpenLeftSideBar</span>
                  <div class="stack-trace">org.openqa.selenium.NoSuchElementException: no such element: Unable to locate element: {&quot;method&quot;:&quot;class name&quot;,&quot;selector&quot;:&quot;bi-chevron-left&quot;}
  (Session info: chrome=108.0.5359.125)
  (Driver info: chromedriver=108.0.5359.71 (1e0e3868ee06e91ad636a874420e3ca3ae3756ac-refs/branch-heads/5359@{#1016}),platform=Windows NT 10.0.19044 x86_64) (WARNING: The server did not provide any stacktrace information)
Command duration or timeout: 18 milliseconds
For documentation on this error, please visit: http://seleniumhq.org/exceptions/no_such_element.html
Build info: version: &apos;2.44.0&apos;, revision: &apos;76d78cf323ce037c5f92db6c1bba601c2ac43ad8&apos;, time: &apos;2014-10-23 13:11:40&apos;
System info: host: &apos;DESKTOP-LOVDD1M&apos;, ip: &apos;192.168.1.5&apos;, os.name: &apos;Windows 10&apos;, os.arch: &apos;amd64&apos;, os.version: &apos;10.0&apos;, java.version: &apos;16.0.2&apos;
Driver info: org.openqa.selenium.chrome.ChromeDriver
Capabilities [{mobileEmulationEnabled=false, timeouts={implicit=0, pageLoad=300000, script=30000}, hasTouchScreen=false, platform=XP, acceptSslCerts=false, goog:chromeOptions={debuggerAddress=localhost:55829}, webauthn:extension:credBlob=true, acceptInsecureCerts=false, webStorageEnabled=true, browserName=chrome, takesScreenshot=true, javascriptEnabled=true, setWindowRect=true, webauthn:extension:largeBlob=true, unexpectedAlertBehaviour=ignore, rotatable=false, networkConnectionEnabled=false, chrome={chromedriverVersion=108.0.5359.71 (1e0e3868ee06e91ad636a874420e3ca3ae3756ac-refs/branch-heads/5359@{#1016}), userDataDir=C:\Users\gamal\AppData\Local\Temp\scoped_dir20876_850323977}, takesHeapSnapshot=true, pageLoadStrategy=normal, strictFileInteractability=false, databaseEnabled=false, handlesAlerts=true, version=108.0.5359.125, browserConnectionEnabled=false, proxy={}, nativeEvents=true, locationContextEnabled=true, cssSelectorsEnabled=true, webauthn:virtualAuthenticators=true}]
Session ID: e97623b57ce70856490a7a40723dc38d
	at org.openqa.selenium.remote.ErrorHandler.createThrowable(ErrorHandler.java:204)
	at org.openqa.selenium.remote.ErrorHandler.throwIfResponseFailed(ErrorHandler.java:156)
	at org.openqa.selenium.remote.RemoteWebDriver.execute(RemoteWebDriver.java:599)
	at org.openqa.selenium.remote.RemoteWebDriver.findElement(RemoteWebDriver.java:352)
	at org.openqa.selenium.remote.RemoteWebDriver.findElementByClassName(RemoteWebDriver.java:433)
	at org.openqa.selenium.By$ByClassName.findElement(By.java:387)
	at org.openqa.selenium.remote.RemoteWebDriver.findElement(RemoteWebDriver.java:344)
	at com.mycompany.mavenproject1.TestMavinIT_Organized.closeAndOpenLeftSideBar(TestMavinIT_Organized.java:117)
... Removed 33 stack frames
</div> <!-- stack-trace -->
                </div> <!-- method-content -->
              </div> <!-- method -->
              <div class="method">
                <div class="method-content">
                  <a name="testAddUser(com.mycompany.mavenproject1.UserData@3704122f)">
                  </a> <!-- testAddUser(com.mycompany.mavenproject1.UserData@3704122f) -->
                  <span class="method-name">testAddUser</span>
                  <span class="parameters">(com.mycompany.mavenproject1.UserData@3704122f)</span>
                  <div class="stack-trace">org.openqa.selenium.NoSuchElementException: no such element: Unable to locate element: {&quot;method&quot;:&quot;xpath&quot;,&quot;selector&quot;:&quot;//*[@id=&quot;app&quot;]/div[1]/div[2]/div[2]/div/div[2]/div[1]/button&quot;}
  (Session info: chrome=108.0.5359.125)
  (Driver info: chromedriver=108.0.5359.71 (1e0e3868ee06e91ad636a874420e3ca3ae3756ac-refs/branch-heads/5359@{#1016}),platform=Windows NT 10.0.19044 x86_64) (WARNING: The server did not provide any stacktrace information)
Command duration or timeout: 23 milliseconds
For documentation on this error, please visit: http://seleniumhq.org/exceptions/no_such_element.html
Build info: version: &apos;2.44.0&apos;, revision: &apos;76d78cf323ce037c5f92db6c1bba601c2ac43ad8&apos;, time: &apos;2014-10-23 13:11:40&apos;
System info: host: &apos;DESKTOP-LOVDD1M&apos;, ip: &apos;192.168.1.5&apos;, os.name: &apos;Windows 10&apos;, os.arch: &apos;amd64&apos;, os.version: &apos;10.0&apos;, java.version: &apos;16.0.2&apos;
Driver info: org.openqa.selenium.chrome.ChromeDriver
Capabilities [{mobileEmulationEnabled=false, timeouts={implicit=0, pageLoad=300000, script=30000}, hasTouchScreen=false, platform=XP, acceptSslCerts=false, goog:chromeOptions={debuggerAddress=localhost:55829}, webauthn:extension:credBlob=true, acceptInsecureCerts=false, webStorageEnabled=true, browserName=chrome, takesScreenshot=true, javascriptEnabled=true, setWindowRect=true, webauthn:extension:largeBlob=true, unexpectedAlertBehaviour=ignore, rotatable=false, networkConnectionEnabled=false, chrome={chromedriverVersion=108.0.5359.71 (1e0e3868ee06e91ad636a874420e3ca3ae3756ac-refs/branch-heads/5359@{#1016}), userDataDir=C:\Users\gamal\AppData\Local\Temp\scoped_dir20876_850323977}, takesHeapSnapshot=true, pageLoadStrategy=normal, strictFileInteractability=false, databaseEnabled=false, handlesAlerts=true, version=108.0.5359.125, browserConnectionEnabled=false, proxy={}, nativeEvents=true, locationContextEnabled=true, cssSelectorsEnabled=true, webauthn:virtualAuthenticators=true}]
Session ID: e97623b57ce70856490a7a40723dc38d
	at org.openqa.selenium.remote.ErrorHandler.createThrowable(ErrorHandler.java:204)
	at org.openqa.selenium.remote.ErrorHandler.throwIfResponseFailed(ErrorHandler.java:156)
	at org.openqa.selenium.remote.RemoteWebDriver.execute(RemoteWebDriver.java:599)
	at org.openqa.selenium.remote.RemoteWebDriver.findElement(RemoteWebDriver.java:352)
	at org.openqa.selenium.remote.RemoteWebDriver.findElementByXPath(RemoteWebDriver.java:449)
	at org.openqa.selenium.By$ByXPath.findElement(By.java:357)
	at org.openqa.selenium.remote.RemoteWebDriver.findElement(RemoteWebDriver.java:344)
	at com.mycompany.mavenproject1.TestMavinIT_Organized.testAddUser(TestMavinIT_Organized.java:142)
... Removed 33 stack frames
</div> <!-- stack-trace -->
                </div> <!-- method-content -->
              </div> <!-- method -->
              <div class="method">
                <div class="method-content">
                  <a name="testLogin(com.mycompany.mavenproject1.UserData@52d10fb8)">
                  </a> <!-- testLogin(com.mycompany.mavenproject1.UserData@52d10fb8) -->
                  <span class="method-name">testLogin</span>
                  <span class="parameters">(com.mycompany.mavenproject1.UserData@52d10fb8)</span>
                  <div class="stack-trace">org.openqa.selenium.NoSuchElementException: no such element: Unable to locate element: {&quot;method&quot;:&quot;class name&quot;,&quot;selector&quot;:&quot;oxd-userdropdown-name&quot;}
  (Session info: chrome=108.0.5359.125)
  (Driver info: chromedriver=108.0.5359.71 (1e0e3868ee06e91ad636a874420e3ca3ae3756ac-refs/branch-heads/5359@{#1016}),platform=Windows NT 10.0.19044 x86_64) (WARNING: The server did not provide any stacktrace information)
Command duration or timeout: 72 milliseconds
For documentation on this error, please visit: http://seleniumhq.org/exceptions/no_such_element.html
Build info: version: &apos;2.44.0&apos;, revision: &apos;76d78cf323ce037c5f92db6c1bba601c2ac43ad8&apos;, time: &apos;2014-10-23 13:11:40&apos;
System info: host: &apos;DESKTOP-LOVDD1M&apos;, ip: &apos;192.168.1.5&apos;, os.name: &apos;Windows 10&apos;, os.arch: &apos;amd64&apos;, os.version: &apos;10.0&apos;, java.version: &apos;16.0.2&apos;
Driver info: org.openqa.selenium.chrome.ChromeDriver
Capabilities [{mobileEmulationEnabled=false, timeouts={implicit=0, pageLoad=300000, script=30000}, hasTouchScreen=false, platform=XP, acceptSslCerts=false, goog:chromeOptions={debuggerAddress=localhost:55829}, webauthn:extension:credBlob=true, acceptInsecureCerts=false, webStorageEnabled=true, browserName=chrome, takesScreenshot=true, javascriptEnabled=true, setWindowRect=true, webauthn:extension:largeBlob=true, unexpectedAlertBehaviour=ignore, rotatable=false, networkConnectionEnabled=false, chrome={chromedriverVersion=108.0.5359.71 (1e0e3868ee06e91ad636a874420e3ca3ae3756ac-refs/branch-heads/5359@{#1016}), userDataDir=C:\Users\gamal\AppData\Local\Temp\scoped_dir20876_850323977}, takesHeapSnapshot=true, pageLoadStrategy=normal, strictFileInteractability=false, databaseEnabled=false, handlesAlerts=true, version=108.0.5359.125, browserConnectionEnabled=false, proxy={}, nativeEvents=true, locationContextEnabled=true, cssSelectorsEnabled=true, webauthn:virtualAuthenticators=true}]
Session ID: e97623b57ce70856490a7a40723dc38d
	at org.openqa.selenium.remote.ErrorHandler.createThrowable(ErrorHandler.java:204)
	at org.openqa.selenium.remote.ErrorHandler.throwIfResponseFailed(ErrorHandler.java:156)
	at org.openqa.selenium.remote.RemoteWebDriver.execute(RemoteWebDriver.java:599)
	at org.openqa.selenium.remote.RemoteWebDriver.findElement(RemoteWebDriver.java:352)
	at org.openqa.selenium.remote.RemoteWebDriver.findElementByClassName(RemoteWebDriver.java:433)
	at org.openqa.selenium.By$ByClassName.findElement(By.java:387)
	at org.openqa.selenium.remote.RemoteWebDriver.findElement(RemoteWebDriver.java:344)
	at com.mycompany.mavenproject1.TestMavinIT_Organized.testLogin(TestMavinIT_Organized.java:77)
... Removed 33 stack frames
</div> <!-- stack-trace -->
                </div> <!-- method-content -->
              </div> <!-- method -->
              <div class="method">
                <div class="method-content">
                  <a name="testTabAdmin">
                  </a> <!-- testTabAdmin -->
                  <span class="method-name">testTabAdmin</span>
                  <div class="stack-trace">org.openqa.selenium.NoSuchElementException: no such element: Unable to locate element: {&quot;method&quot;:&quot;css selector&quot;,&quot;selector&quot;:&quot;.oxd-main-menu-item[href=&apos;/web/index.php/admin/viewAdminModule&apos;]&quot;}
  (Session info: chrome=108.0.5359.125)
  (Driver info: chromedriver=108.0.5359.71 (1e0e3868ee06e91ad636a874420e3ca3ae3756ac-refs/branch-heads/5359@{#1016}),platform=Windows NT 10.0.19044 x86_64) (WARNING: The server did not provide any stacktrace information)
Command duration or timeout: 19 milliseconds
For documentation on this error, please visit: http://seleniumhq.org/exceptions/no_such_element.html
Build info: version: &apos;2.44.0&apos;, revision: &apos;76d78cf323ce037c5f92db6c1bba601c2ac43ad8&apos;, time: &apos;2014-10-23 13:11:40&apos;
System info: host: &apos;DESKTOP-LOVDD1M&apos;, ip: &apos;192.168.1.5&apos;, os.name: &apos;Windows 10&apos;, os.arch: &apos;amd64&apos;, os.version: &apos;10.0&apos;, java.version: &apos;16.0.2&apos;
Driver info: org.openqa.selenium.chrome.ChromeDriver
Capabilities [{mobileEmulationEnabled=false, timeouts={implicit=0, pageLoad=300000, script=30000}, hasTouchScreen=false, platform=XP, acceptSslCerts=false, goog:chromeOptions={debuggerAddress=localhost:55829}, webauthn:extension:credBlob=true, acceptInsecureCerts=false, webStorageEnabled=true, browserName=chrome, takesScreenshot=true, javascriptEnabled=true, setWindowRect=true, webauthn:extension:largeBlob=true, unexpectedAlertBehaviour=ignore, rotatable=false, networkConnectionEnabled=false, chrome={chromedriverVersion=108.0.5359.71 (1e0e3868ee06e91ad636a874420e3ca3ae3756ac-refs/branch-heads/5359@{#1016}), userDataDir=C:\Users\gamal\AppData\Local\Temp\scoped_dir20876_850323977}, takesHeapSnapshot=true, pageLoadStrategy=normal, strictFileInteractability=false, databaseEnabled=false, handlesAlerts=true, version=108.0.5359.125, browserConnectionEnabled=false, proxy={}, nativeEvents=true, locationContextEnabled=true, cssSelectorsEnabled=true, webauthn:virtualAuthenticators=true}]
Session ID: e97623b57ce70856490a7a40723dc38d
	at org.openqa.selenium.remote.ErrorHandler.createThrowable(ErrorHandler.java:204)
	at org.openqa.selenium.remote.ErrorHandler.throwIfResponseFailed(ErrorHandler.java:156)
	at org.openqa.selenium.remote.RemoteWebDriver.execute(RemoteWebDriver.java:599)
	at org.openqa.selenium.remote.RemoteWebDriver.findElement(RemoteWebDriver.java:352)
	at org.openqa.selenium.remote.RemoteWebDriver.findElementByCssSelector(RemoteWebDriver.java:441)
	at org.openqa.selenium.By$ByCssSelector.findElement(By.java:425)
	at org.openqa.selenium.remote.RemoteWebDriver.findElement(RemoteWebDriver.java:344)
	at com.mycompany.mavenproject1.TestMavinIT_Organized.testTabAdmin(TestMavinIT_Organized.java:83)
... Removed 33 stack frames
</div> <!-- stack-trace -->
                </div> <!-- method-content -->
              </div> <!-- method -->
            </div> <!-- main-panel-content rounded-window-bottom -->
          </div> <!-- suite-com.mycompany_TestMavin_jar_1.0-SNAPSHOT-class-failed -->
          <div class="suite-com.mycompany_TestMavin_jar_1.0-SNAPSHOT-class-passed">
            <div class="main-panel-header rounded-window-top">
              <img src="passed.png"/>
              <span class="class-name">com.mycompany.mavenproject1.TestMavinIT_Organized</span>
            </div> <!-- main-panel-header rounded-window-top -->
            <div class="main-panel-content rounded-window-bottom">
              <div class="method">
                <div class="method-content">
                  <a name="testLogout">
                  </a> <!-- testLogout -->
                  <span class="method-name">testLogout</span>
                </div> <!-- method-content -->
              </div> <!-- method -->
            </div> <!-- main-panel-content rounded-window-bottom -->
          </div> <!-- suite-com.mycompany_TestMavin_jar_1.0-SNAPSHOT-class-passed -->
        </div> <!-- panel com.mycompany_TestMavin_jar_1.0-SNAPSHOT -->
        <div panel-name="test-xml-com.mycompany_TestMavin_jar_1.0-SNAPSHOT" class="panel">
          <div class="main-panel-header rounded-window-top">
            <span class="header-content">C:\Projects\Collage\Forth year\Software Testing\section\mavenproject1\src\test\java\com\mycompany\mavenproject1\NewTestNGSuite.xml</span>
          </div> <!-- main-panel-header rounded-window-top -->
          <div class="main-panel-content rounded-window-bottom">
            <pre>
&lt;?xml version=&quot;1.0&quot; encoding=&quot;UTF-8&quot;?&gt;
&lt;!DOCTYPE suite SYSTEM &quot;http://testng.org/testng-1.0.dtd&quot;&gt;
&lt;suite name=&quot;com.mycompany_TestMavin_jar_1.0-SNAPSHOT&quot; verbose=&quot;0&quot;&gt;
  &lt;test name=&quot;AdminTabFunctionalityEditUser&quot;&gt;
    &lt;classes&gt;
      &lt;class name=&quot;com.mycompany.mavenproject1.TestMavinIT_Organized&quot;&gt;
        &lt;methods&gt;
          &lt;include name=&quot;testLogin&quot;/&gt;
          &lt;include name=&quot;testTabAdmin&quot;/&gt;
          &lt;include name=&quot;closeAndOpenLeftSideBar&quot;/&gt;
          &lt;include name=&quot;testAddUser&quot;/&gt;
          &lt;include name=&quot;testLogout&quot;/&gt;
        &lt;/methods&gt;
      &lt;/class&gt; &lt;!-- com.mycompany.mavenproject1.TestMavinIT_Organized --&gt;
    &lt;/classes&gt;
  &lt;/test&gt; &lt;!-- AdminTabFunctionalityEditUser --&gt;
&lt;/suite&gt; &lt;!-- com.mycompany_TestMavin_jar_1.0-SNAPSHOT --&gt;
            </pre>
          </div> <!-- main-panel-content rounded-window-bottom -->
        </div> <!-- panel -->
        <div panel-name="testlist-com.mycompany_TestMavin_jar_1.0-SNAPSHOT" class="panel">
          <div class="main-panel-header rounded-window-top">
            <span class="header-content">Tests for com.mycompany_TestMavin_jar_1.0-SNAPSHOT</span>
          </div> <!-- main-panel-header rounded-window-top -->
          <div class="main-panel-content rounded-window-bottom">
            <ul>
              <li>
                <span class="test-name">AdminTabFunctionalityEditUser (1 class)</span>
              </li>
            </ul>
          </div> <!-- main-panel-content rounded-window-bottom -->
        </div> <!-- panel -->
        <div panel-name="group-com.mycompany_TestMavin_jar_1.0-SNAPSHOT" class="panel">
          <div class="main-panel-header rounded-window-top">
            <span class="header-content">Groups for com.mycompany_TestMavin_jar_1.0-SNAPSHOT</span>
          </div> <!-- main-panel-header rounded-window-top -->
          <div class="main-panel-content rounded-window-bottom">
          </div> <!-- main-panel-content rounded-window-bottom -->
        </div> <!-- panel -->
        <div panel-name="times-com.mycompany_TestMavin_jar_1.0-SNAPSHOT" class="panel">
          <div class="main-panel-header rounded-window-top">
            <span class="header-content">Times for com.mycompany_TestMavin_jar_1.0-SNAPSHOT</span>
          </div> <!-- main-panel-header rounded-window-top -->
          <div class="main-panel-content rounded-window-bottom">
            <div class="times-div">
              <script type="text/javascript">
suiteTableInitFunctions.push('tableData_com.mycompany_TestMavin_jar_1.0-SNAPSHOT');
function tableData_com.mycompany_TestMavin_jar_1.0-SNAPSHOT() {
var data = new google.visualization.DataTable();
data.addColumn('number', 'Number');
data.addColumn('string', 'Method');
data.addColumn('string', 'Class');
data.addColumn('number', 'Time (ms)');
data.addRows(5);
data.setCell(0, 0, 0)
data.setCell(0, 1, 'testLogin')
data.setCell(0, 2, 'com.mycompany.mavenproject1.TestMavinIT_Organized')
data.setCell(0, 3, 35326);
data.setCell(1, 0, 1)
data.setCell(1, 1, 'testLogout')
data.setCell(1, 2, 'com.mycompany.mavenproject1.TestMavinIT_Organized')
data.setCell(1, 3, 1283);
data.setCell(2, 0, 2)
data.setCell(2, 1, 'testAddUser')
data.setCell(2, 2, 'com.mycompany.mavenproject1.TestMavinIT_Organized')
data.setCell(2, 3, 25);
data.setCell(3, 0, 3)
data.setCell(3, 1, 'testTabAdmin')
data.setCell(3, 2, 'com.mycompany.mavenproject1.TestMavinIT_Organized')
data.setCell(3, 3, 21);
data.setCell(4, 0, 4)
data.setCell(4, 1, 'closeAndOpenLeftSideBar')
data.setCell(4, 2, 'com.mycompany.mavenproject1.TestMavinIT_Organized')
data.setCell(4, 3, 20);
window.suiteTableData['com.mycompany_TestMavin_jar_1.0-SNAPSHOT']= { tableData: data, tableDiv: 'times-div-com.mycompany_TestMavin_jar_1.0-SNAPSHOT'}
return data;
}
              </script>
              <span class="suite-total-time">Total running time: 36 seconds</span>
              <div id="times-div-com.mycompany_TestMavin_jar_1.0-SNAPSHOT">
              </div> <!-- times-div-com.mycompany_TestMavin_jar_1.0-SNAPSHOT -->
            </div> <!-- times-div -->
          </div> <!-- main-panel-content rounded-window-bottom -->
        </div> <!-- panel -->
        <div panel-name="reporter-com.mycompany_TestMavin_jar_1.0-SNAPSHOT" class="panel">
          <div class="main-panel-header rounded-window-top">
            <span class="header-content">Reporter output for com.mycompany_TestMavin_jar_1.0-SNAPSHOT</span>
          </div> <!-- main-panel-header rounded-window-top -->
          <div class="main-panel-content rounded-window-bottom">
          </div> <!-- main-panel-content rounded-window-bottom -->
        </div> <!-- panel -->
        <div panel-name="ignored-methods-com.mycompany_TestMavin_jar_1.0-SNAPSHOT" class="panel">
          <div class="main-panel-header rounded-window-top">
            <span class="header-content">5 ignored methods</span>
          </div> <!-- main-panel-header rounded-window-top -->
          <div class="main-panel-content rounded-window-bottom">
            <div class="ignored-class-div">
              <span class="ignored-class-name">com.mycompany.mavenproject1.TestMavinIT_Organized</span>
              <div class="ignored-methods-div">
                <span class="ignored-method-name">systemUsers</span>
                <br/>
                <span class="ignored-method-name">testForgotPasswordPage</span>
                <br/>
                <span class="ignored-method-name">testTabToggle</span>
                <br/>
                <span class="ignored-method-name">testEditUser</span>
                <br/>
                <span class="ignored-method-name">testDeleteUser</span>
                <br/>
              </div> <!-- ignored-methods-div -->
            </div> <!-- ignored-class-div -->
          </div> <!-- main-panel-content rounded-window-bottom -->
        </div> <!-- panel -->
        <div panel-name="chronological-com.mycompany_TestMavin_jar_1.0-SNAPSHOT" class="panel">
          <div class="main-panel-header rounded-window-top">
            <span class="header-content">Methods in chronological order</span>
          </div> <!-- main-panel-header rounded-window-top -->
          <div class="main-panel-content rounded-window-bottom">
            <div class="chronological-class">
              <div class="chronological-class-name">com.mycompany.mavenproject1.TestMavinIT_Organized</div> <!-- chronological-class-name -->
              <div class="configuration-test before">
                <span class="method-name">setUpClass</span>
                <span class="method-start">0 ms</span>
              </div> <!-- configuration-test before -->
              <div class="test-method">
                <img src="failed.png">
                </img>
                <span class="method-name">testLogin(com.mycompany.mavenproject1.UserData@52d10fb8)</span>
                <span class="method-start">2594 ms</span>
              </div> <!-- test-method -->
              <div class="test-method">
                <img src="failed.png">
                </img>
                <span class="method-name">testTabAdmin</span>
                <span class="method-start">37937 ms</span>
              </div> <!-- test-method -->
              <div class="test-method">
                <img src="failed.png">
                </img>
                <span class="method-name">closeAndOpenLeftSideBar</span>
                <span class="method-start">38029 ms</span>
              </div> <!-- test-method -->
              <div class="test-method">
                <img src="failed.png">
                </img>
                <span class="method-name">testAddUser(com.mycompany.mavenproject1.UserData@3704122f)</span>
                <span class="method-start">38107 ms</span>
              </div> <!-- test-method -->
              <div class="test-method">
                <span class="method-name">testLogout</span>
                <span class="method-start">38229 ms</span>
              </div> <!-- test-method -->
              <div class="configuration-test after">
                <span class="method-name">tearDownClass</span>
                <span class="method-start">39516 ms</span>
              </div> <!-- configuration-test after -->
          </div> <!-- main-panel-content rounded-window-bottom -->
        </div> <!-- panel -->
      </div> <!-- main-panel-root -->
    </div> <!-- wrapper -->
  </body>
</html>
